This is pdfTeX, Version 3.14159265-2.6-1.40.17 (TeX Live 2016) (preloaded format=pdflatex 2016.7.10)  14 AUG 2019 16:18
entering extended mode
 restricted \write18 enabled.
 %&-line parsing enabled.
**skeleton.tex
(./skeleton.tex
LaTeX2e <2016/03/31>
Babel <3.9r> and hyphenation patterns for 83 language(s) loaded.
(./infthesis.cls
Document Class: infthesis 2013/02/07 v3.7 School of Informatics Thesis Class
(/usr/local/texlive/2016/texmf-dist/tex/latex/geometry/geometry.sty
Package: geometry 2010/09/12 v5.6 Page Geometry

(/usr/local/texlive/2016/texmf-dist/tex/latex/graphics/keyval.sty
Package: keyval 2014/10/28 v1.15 key=value parser (DPC)
\KV@toks@=\toks14
)
(/usr/local/texlive/2016/texmf-dist/tex/generic/oberdiek/ifpdf.sty
Package: ifpdf 2016/05/14 v3.1 Provides the ifpdf switch
)
(/usr/local/texlive/2016/texmf-dist/tex/generic/oberdiek/ifvtex.sty
Package: ifvtex 2016/05/16 v1.6 Detect VTeX and its facilities (HO)
Package ifvtex Info: VTeX not detected.
)
(/usr/local/texlive/2016/texmf-dist/tex/generic/ifxetex/ifxetex.sty
Package: ifxetex 2010/09/12 v0.6 Provides ifxetex conditional
)
\Gm@cnth=\count79
\Gm@cntv=\count80
\c@Gm@tempcnt=\count81
\Gm@bindingoffset=\dimen102
\Gm@wd@mp=\dimen103
\Gm@odd@mp=\dimen104
\Gm@even@mp=\dimen105
\Gm@layoutwidth=\dimen106
\Gm@layoutheight=\dimen107
\Gm@layouthoffset=\dimen108
\Gm@layoutvoffset=\dimen109
\Gm@dimlist=\toks15
)
(/usr/local/texlive/2016/texmf-dist/tex/latex/base/ifthen.sty
Package: ifthen 2014/09/29 v1.1c Standard LaTeX ifthen package (DPC)
)
(/usr/local/texlive/2016/texmf-dist/tex/latex/graphics/graphics.sty
Package: graphics 2016/05/09 v1.0r Standard LaTeX Graphics (DPC,SPQR)

(/usr/local/texlive/2016/texmf-dist/tex/latex/graphics/trig.sty
Package: trig 2016/01/03 v1.10 sin cos tan (DPC)
)
(/usr/local/texlive/2016/texmf-dist/tex/latex/graphics-cfg/graphics.cfg
File: graphics.cfg 2016/01/02 v1.10 sample graphics configuration
)
Package graphics Info: Driver file: pdftex.def on input line 96.

(/usr/local/texlive/2016/texmf-dist/tex/latex/pdftex-def/pdftex.def
File: pdftex.def 2011/05/27 v0.06d Graphics/color for pdfTeX

(/usr/local/texlive/2016/texmf-dist/tex/generic/oberdiek/infwarerr.sty
Package: infwarerr 2016/05/16 v1.4 Providing info/warning/error messages (HO)
)
(/usr/local/texlive/2016/texmf-dist/tex/generic/oberdiek/ltxcmds.sty
Package: ltxcmds 2016/05/16 v1.23 LaTeX kernel commands for general use (HO)
)
\Gread@gobject=\count82
))
(/usr/local/texlive/2016/texmf-dist/tex/latex/tools/xspace.sty
Package: xspace 2014/10/28 v1.13 Space after command names (DPC,MH)
) (./eushield.sty
Package: eushield 2006/08/28\ v1.1\ Commands for including the EU shield graphi
c
) (/usr/local/texlive/2016/texmf-dist/tex/latex/base/report.cls
Document Class: report 2014/09/29 v1.4h Standard LaTeX document class
(/usr/local/texlive/2016/texmf-dist/tex/latex/base/size12.clo
File: size12.clo 2014/09/29 v1.4h Standard LaTeX file (size option)
)
\c@part=\count83
\c@chapter=\count84
\c@section=\count85
\c@subsection=\count86
\c@subsubsection=\count87
\c@paragraph=\count88
\c@subparagraph=\count89
\c@figure=\count90
\c@table=\count91
\abovecaptionskip=\skip41
\belowcaptionskip=\skip42
\bibindent=\dimen110
)
(/usr/local/texlive/2016/texmf-dist/tex/latex/pslatex/pslatex.sty
Package: pslatex 1996/07/24 v1.2 pslatex emulation (DPC)
LaTeX Font Info:    Redeclaring symbol font `operators' on input line 65.
LaTeX Font Info:    Overwriting symbol font `operators' in version `normal'
(Font)                  OT1/cmr/m/n --> OT1/ptmcm/m/n on input line 65.
LaTeX Font Info:    Overwriting symbol font `operators' in version `bold'
(Font)                  OT1/cmr/bx/n --> OT1/ptmcm/m/n on input line 65.
LaTeX Font Info:    Redeclaring symbol font `letters' on input line 66.
LaTeX Font Info:    Overwriting symbol font `letters' in version `normal'
(Font)                  OML/cmm/m/it --> OML/ptmcm/m/it on input line 66.
LaTeX Font Info:    Overwriting symbol font `letters' in version `bold'
(Font)                  OML/cmm/b/it --> OML/ptmcm/m/it on input line 66.
LaTeX Font Info:    Redeclaring symbol font `symbols' on input line 67.
LaTeX Font Info:    Overwriting symbol font `symbols' in version `normal'
(Font)                  OMS/cmsy/m/n --> OMS/pzccm/m/n on input line 67.
LaTeX Font Info:    Overwriting symbol font `symbols' in version `bold'
(Font)                  OMS/cmsy/b/n --> OMS/pzccm/m/n on input line 67.
LaTeX Font Info:    Redeclaring symbol font `largesymbols' on input line 68.
LaTeX Font Info:    Overwriting symbol font `largesymbols' in version `normal'
(Font)                  OMX/cmex/m/n --> OMX/psycm/m/n on input line 68.
LaTeX Font Info:    Overwriting symbol font `largesymbols' in version `bold'
(Font)                  OMX/cmex/m/n --> OMX/psycm/m/n on input line 68.
\symbold=\mathgroup4
\symitalic=\mathgroup5
LaTeX Font Info:    Redeclaring math alphabet \mathbf on input line 74.
LaTeX Font Info:    Overwriting math alphabet `\mathbf' in version `normal'
(Font)                  OT1/cmr/bx/n --> OT1/ptm/bx/n on input line 74.
LaTeX Font Info:    Overwriting math alphabet `\mathbf' in version `bold'
(Font)                  OT1/cmr/bx/n --> OT1/ptm/bx/n on input line 74.
LaTeX Font Info:    Redeclaring math alphabet \mathit on input line 75.
LaTeX Font Info:    Overwriting math alphabet `\mathit' in version `normal'
(Font)                  OT1/cmr/m/it --> OT1/ptm/m/it on input line 75.
LaTeX Font Info:    Overwriting math alphabet `\mathit' in version `bold'
(Font)                  OT1/cmr/bx/it --> OT1/ptm/m/it on input line 75.
)
(/usr/local/texlive/2016/texmf-dist/tex/latex/sectsty/sectsty.sty
Package: sectsty 2002/02/25 v2.0.2 Commands to change all sectional heading sty
les
)
(/usr/local/texlive/2016/texmf-dist/tex/latex/caption/caption.sty
Package: caption 2016/02/21 v3.3-144 Customizing captions (AR)

(/usr/local/texlive/2016/texmf-dist/tex/latex/caption/caption3.sty
Package: caption3 2016/02/04 v1.7-139 caption3 kernel (AR)
Package caption3 Info: TeX engine: e-TeX on input line 67.
\captionmargin=\dimen111
\captionmargin@=\dimen112
\captionwidth=\dimen113
\caption@tempdima=\dimen114
\caption@indent=\dimen115
\caption@parindent=\dimen116
\caption@hangindent=\dimen117
)
\c@ContinuedFloat=\count92
))
(/usr/local/texlive/2016/texmf-dist/tex/latex/yfonts/yfonts.sty
Package: yfonts 2003/01/08 v1.3 (WaS)
)
(/usr/local/texlive/2016/texmf-dist/tex/latex/graphics/graphicx.sty
Package: graphicx 2014/10/28 v1.0g Enhanced LaTeX Graphics (DPC,SPQR)
\Gin@req@height=\dimen118
\Gin@req@width=\dimen119
)
(/usr/local/texlive/2016/texmf-dist/tex/latex/float/float.sty
Package: float 2001/11/08 v1.3d Float enhancements (AL)
\c@float@type=\count93
\float@exts=\toks16
\float@box=\box26
\@float@everytoks=\toks17
\@floatcapt=\box27
)
(/usr/local/texlive/2016/texmf-dist/tex/latex/url/url.sty
\Urlmuskip=\muskip10
Package: url 2013/09/16  ver 3.4  Verb mode for urls, etc.
)
(/usr/local/texlive/2016/texmf-dist/tex/latex/fancyvrb/fancyvrb.sty
Package: fancyvrb 2008/02/07

Style option: `fancyvrb' v2.7a, with DG/SPQR fixes, and firstline=lastline fix 
<2008/02/07> (tvz)
\FV@CodeLineNo=\count94
\FV@InFile=\read1
\FV@TabBox=\box28
\c@FancyVerbLine=\count95
\FV@StepNumber=\count96
\FV@OutFile=\write3
) (./skeleton.aux)
\openout1 = `skeleton.aux'.

LaTeX Font Info:    Checking defaults for OML/cmm/m/it on input line 29.
LaTeX Font Info:    ... okay on input line 29.
LaTeX Font Info:    Checking defaults for T1/cmr/m/n on input line 29.
LaTeX Font Info:    ... okay on input line 29.
LaTeX Font Info:    Checking defaults for OT1/cmr/m/n on input line 29.
LaTeX Font Info:    ... okay on input line 29.
LaTeX Font Info:    Checking defaults for OMS/pzccm/m/n on input line 29.
LaTeX Font Info:    Try loading font information for OMS+pzccm on input line 29
.

(/usr/local/texlive/2016/texmf-dist/tex/latex/psnfss/omspzccm.fd
File: omspzccm.fd 2000/01/03 Fontinst v1.801 font definitions for OMS/pzccm.
)
LaTeX Font Info:    ... okay on input line 29.
LaTeX Font Info:    Checking defaults for OMX/cmex/m/n on input line 29.
LaTeX Font Info:    ... okay on input line 29.
LaTeX Font Info:    Checking defaults for U/cmr/m/n on input line 29.
LaTeX Font Info:    ... okay on input line 29.
LaTeX Font Info:    Checking defaults for LY/yfrak/m/n on input line 29.
LaTeX Font Info:    ... okay on input line 29.
LaTeX Font Info:    Checking defaults for LYG/ygoth/m/n on input line 29.
LaTeX Font Info:    ... okay on input line 29.

*geometry* driver: auto-detecting
*geometry* detected driver: pdftex
*geometry* verbose mode - [ preamble ] result:
* driver: pdftex
* paper: a4paper
* layout: <same size as paper>
* layoutoffset:(h,v)=(0.0pt,0.0pt)
* modes: 
* h-part:(L,W,R)=(113.81102pt, 412.56497pt, 71.13188pt)
* v-part:(T,H,B)=(56.9055pt, 674.33032pt, 113.81102pt)
* \paperwidth=597.50787pt
* \paperheight=845.04684pt
* \textwidth=412.56497pt
* \textheight=674.33032pt
* \oddsidemargin=41.54103pt
* \evensidemargin=41.54103pt
* \topmargin=-52.36449pt
* \headheight=12.0pt
* \headsep=25.0pt
* \topskip=12.0pt
* \footskip=30.0pt
* \marginparwidth=35.0pt
* \marginparsep=10.0pt
* \columnsep=10.0pt
* \skip\footins=10.8pt plus 4.0pt minus 2.0pt
* \hoffset=0.0pt
* \voffset=0.0pt
* \mag=1000
* \@twocolumnfalse
* \@twosidefalse
* \@mparswitchfalse
* \@reversemarginfalse
* (1in=72.27pt=25.4mm, 1cm=28.453pt)

(/usr/local/texlive/2016/texmf-dist/tex/context/base/mkii/supp-pdf.mkii
[Loading MPS to PDF converter (version 2006.09.02).]
\scratchcounter=\count97
\scratchdimen=\dimen120
\scratchbox=\box29
\nofMPsegments=\count98
\nofMParguments=\count99
\everyMPshowfont=\toks18
\MPscratchCnt=\count100
\MPscratchDim=\dimen121
\MPnumerator=\count101
\makeMPintoPDFobject=\count102
\everyMPtoPDFconversion=\toks19
) (/usr/local/texlive/2016/texmf-dist/tex/generic/oberdiek/pdftexcmds.sty
Package: pdftexcmds 2016/05/10 v0.21 Utility functions of pdfTeX for LuaTeX (HO
)

(/usr/local/texlive/2016/texmf-dist/tex/generic/oberdiek/ifluatex.sty
Package: ifluatex 2016/05/16 v1.4 Provides the ifluatex switch (HO)
Package ifluatex Info: LuaTeX not detected.
)
Package pdftexcmds Info: LuaTeX not detected.
Package pdftexcmds Info: \pdf@primitive is available.
Package pdftexcmds Info: \pdf@ifprimitive is available.
Package pdftexcmds Info: \pdfdraftmode found.
)
(/usr/local/texlive/2016/texmf-dist/tex/latex/oberdiek/epstopdf-base.sty
Package: epstopdf-base 2016/05/15 v2.6 Base part for package epstopdf

(/usr/local/texlive/2016/texmf-dist/tex/latex/oberdiek/grfext.sty
Package: grfext 2016/05/16 v1.2 Manage graphics extensions (HO)

(/usr/local/texlive/2016/texmf-dist/tex/generic/oberdiek/kvdefinekeys.sty
Package: kvdefinekeys 2016/05/16 v1.4 Define keys (HO)
))
(/usr/local/texlive/2016/texmf-dist/tex/latex/oberdiek/kvoptions.sty
Package: kvoptions 2016/05/16 v3.12 Key value format for package options (HO)

(/usr/local/texlive/2016/texmf-dist/tex/generic/oberdiek/kvsetkeys.sty
Package: kvsetkeys 2016/05/16 v1.17 Key value parser (HO)

(/usr/local/texlive/2016/texmf-dist/tex/generic/oberdiek/etexcmds.sty
Package: etexcmds 2016/05/16 v1.6 Avoid name clashes with e-TeX commands (HO)
Package etexcmds Info: Could not find \expanded.
(etexcmds)             That can mean that you are not using pdfTeX 1.50 or
(etexcmds)             that some package has redefined \expanded.
(etexcmds)             In the latter case, load this package earlier.
)))
Package grfext Info: Graphics extension search list:
(grfext)             [.png,.pdf,.jpg,.mps,.jpeg,.jbig2,.jb2,.PNG,.PDF,.JPG,.JPE
G,.JBIG2,.JB2,.eps]
(grfext)             \AppendGraphicsExtensions on input line 456.

(/usr/local/texlive/2016/texmf-dist/tex/latex/latexconfig/epstopdf-sys.cfg
File: epstopdf-sys.cfg 2010/07/13 v1.3 Configuration of (r)epstopdf for TeX Liv
e
))
Package caption Info: Begin \AtBeginDocument code.
Package caption Info: float package is loaded.
Package caption Info: End \AtBeginDocument code.
LaTeX Font Info:    Font shape `OT1/ptm/bx/n' in size <20.74> not available
(Font)              Font shape `OT1/ptm/b/n' tried instead on input line 45.
LaTeX Font Info:    Font shape `OT1/phv/bx/n' in size <20.74> not available
(Font)              Font shape `OT1/phv/b/n' tried instead on input line 45.
LaTeX Font Info:    Font shape `OT1/phv/b/n' will be
(Font)              scaled to size 18.66588pt on input line 45.

[1

{/usr/local/texlive/2016/texmf-var/fonts/map/pdftex/updmap/pdftex.map}]
LaTeX Font Info:    Font shape `OT1/phv/m/n' will be
(Font)              scaled to size 10.79993pt on input line 45.
LaTeX Font Info:    Font shape `OT1/phv/bx/n' in size <12> not available
(Font)              Font shape `OT1/phv/b/n' tried instead on input line 45.
LaTeX Font Info:    Font shape `OT1/phv/b/n' will be
(Font)              scaled to size 10.79993pt on input line 45.

[1

]
LaTeX Font Info:    Font shape `OT1/ptm/bx/n' in size <17.28> not available
(Font)              Font shape `OT1/ptm/b/n' tried instead on input line 47.
LaTeX Font Info:    Font shape `OT1/phv/bx/n' in size <17.28> not available
(Font)              Font shape `OT1/phv/b/n' tried instead on input line 47.
LaTeX Font Info:    Font shape `OT1/phv/b/n' will be
(Font)              scaled to size 15.55188pt on input line 47.
 [2]
LaTeX Font Info:    Font shape `OT1/ptm/bx/n' in size <24.88> not available
(Font)              Font shape `OT1/ptm/b/n' tried instead on input line 52.
LaTeX Font Info:    Font shape `OT1/phv/bx/n' in size <24.88> not available
(Font)              Font shape `OT1/phv/b/n' tried instead on input line 52.
LaTeX Font Info:    Font shape `OT1/phv/b/n' will be
(Font)              scaled to size 22.39185pt on input line 52.
 (./skeleton.toc
LaTeX Font Info:    Font shape `OT1/ptm/bx/n' in size <12> not available
(Font)              Font shape `OT1/ptm/b/n' tried instead on input line 1.
LaTeX Font Info:    Try loading font information for OT1+ptmcm on input line 3.


(/usr/local/texlive/2016/texmf-dist/tex/latex/psnfss/ot1ptmcm.fd
File: ot1ptmcm.fd 2000/01/03 Fontinst v1.801 font definitions for OT1/ptmcm.
)
LaTeX Font Info:    Try loading font information for OML+ptmcm on input line 3.


(/usr/local/texlive/2016/texmf-dist/tex/latex/psnfss/omlptmcm.fd
File: omlptmcm.fd 2000/01/03 Fontinst v1.801 font definitions for OML/ptmcm.
)
LaTeX Font Info:    Try loading font information for OMX+psycm on input line 3.


(/usr/local/texlive/2016/texmf-dist/tex/latex/psnfss/omxpsycm.fd
File: omxpsycm.fd 2000/01/03 Fontinst v1.801 font definitions for OMX/psycm.
)
LaTeX Font Info:    Font shape `OT1/ptm/bx/n' in size <9> not available
(Font)              Font shape `OT1/ptm/b/n' tried instead on input line 3.
LaTeX Font Info:    Font shape `OT1/ptm/bx/n' in size <7> not available
(Font)              Font shape `OT1/ptm/b/n' tried instead on input line 3.
 [3

])
\tf@toc=\write4
\openout4 = `skeleton.toc'.

 [4]
(./skeleton.lof [5

])
\tf@lof=\write5
\openout5 = `skeleton.lof'.

 [6]
Chapter 1.
[1


]
LaTeX Font Info:    Font shape `OT1/phv/m/it' in size <12> not available
(Font)              Font shape `OT1/phv/m/sl' tried instead on input line 120.
LaTeX Font Info:    Font shape `OT1/phv/m/sl' will be
(Font)              scaled to size 10.79993pt on input line 120.
 [2]
Chapter 2.
LaTeX Font Info:    Font shape `OMS/ptm/m/n' in size <12> not available
(Font)              Font shape `OMS/pzccm/m/n' tried instead on input line 127.

[3

]
Overfull \hbox (0.64476pt too wide) in paragraph at lines 153--153
[]\OT1/phv/b/n/17.28 Motivation for con-struct-ing the rule based database 
 []

[4]
LaTeX Font Info:    Font shape `OT1/ptm/bx/n' in size <14.4> not available
(Font)              Font shape `OT1/ptm/b/n' tried instead on input line 158.
LaTeX Font Info:    Font shape `OT1/phv/bx/n' in size <14.4> not available
(Font)              Font shape `OT1/phv/b/n' tried instead on input line 158.
LaTeX Font Info:    Font shape `OT1/phv/b/n' will be
(Font)              scaled to size 12.9599pt on input line 158.
 [5] <mixture.png, id=48, 576.1525pt x 329.23pt>
File: mixture.png Graphic file (type png)
 <use mixture.png>
Package pdftex.def Info: mixture.png used on input line 166.
(pdftex.def)             Requested size: 412.57889pt x 235.75935pt.
Missing character: There is no â in font ptmr7t!
Missing character: There is no € in font ptmr7t!
Missing character: There is no “ in font ptmr7t!
 [6 <./mixture.png>] <kappa.png, id=55, 715.67375pt x 351.3125pt>
File: kappa.png Graphic file (type png)
 <use kappa.png>
Package pdftex.def Info: kappa.png used on input line 183.
(pdftex.def)             Requested size: 412.56848pt x 202.52309pt.

[7] <eoi.png, id=59, 612.2875pt x 495.8525pt>
File: eoi.png Graphic file (type png)
 <use eoi.png>
Package pdftex.def Info: eoi.png used on input line 194.
(pdftex.def)             Requested size: 351.34319pt x 284.53038pt.
 [8 <./kappa.png>]
[9 <./eoi.png>]
Overfull \hbox (43.14711pt too wide) in paragraph at lines 203--203
[]\OT1/phv/b/n/17.28 Applications of Protein-Protein Rule In-ter-ac-tion Databa
se 
 []

[10] [11]
Chapter 3.

Overfull \hbox (11.61864pt too wide) in paragraph at lines 229--230
\OT1/ptm/m/n/12 three main ta-bles, 2 re-la-tion-ship ta-bles con-sist-ing of d
o-main[]agent and rule[]domain[]agent
 []

[12

] <er.png, id=80, 872.25874pt x 676.5275pt>
File: er.png Graphic file (type png)
 <use er.png>
Package pdftex.def Info: er.png used on input line 236.
(pdftex.def)             Requested size: 412.55704pt x 319.98094pt.
 [13 <./er.png>]
Overfull \hbox (10.11871pt too wide) in paragraph at lines 257--258
[]\OT1/ptm/m/n/12 agent[]name: A `meta-data col-umn' that con-tains the names o
f agent molecules
 []

[14] [15] [16] [17] [18] [19]
Overfull \hbox (0.61679pt too wide) in paragraph at lines 359--360
[]\OT1/ptm/m/n/12 RULES[]FROM[]DOMAIN[]NAME[]PAIR.sql: De-fines the stored pro-
ce-dure
 []

[20]
Overfull \hbox (6.56757pt too wide) in paragraph at lines 374--375
[]\OT1/ptm/m/n/12 CREATE[]DATABASE[]PPI.sql: Script to de-fine and cre-ate the 
PPI Database.
 []

[21] [22] <AgentNameForm.png, id=113, 1284.8pt x 803.0pt>
File: AgentNameForm.png Graphic file (type png)

<use AgentNameForm.png>
Package pdftex.def Info: AgentNameForm.png used on input line 413.
(pdftex.def)             Requested size: 412.55592pt x 257.84744pt.
 [23] <AgentNameRules.png, id=117, 1284.8pt x 803.0pt>
File: AgentNameRules.png Graphic file (type png)

<use AgentNameRules.png>
Package pdftex.def Info: AgentNameRules.png used on input line 421.
(pdftex.def)             Requested size: 412.55592pt x 257.84744pt.
 [24 <./AgentNameForm.png> <./AgentNameRules.png>]
<DomainNameForm.png, id=124, 1284.8pt x 803.0pt>
File: DomainNameForm.png Graphic file (type png)
 <use DomainNameForm.png>
Package pdftex.def Info: DomainNameForm.png used on input line 435.
(pdftex.def)             Requested size: 412.55592pt x 257.84744pt.

<DomainNameRules.png, id=125, 1284.8pt x 803.0pt>
File: DomainNameRules.png Graphic file (type png)
 <use DomainNameRules.png>
Package pdftex.def Info: DomainNameRules.png used on input line 442.
(pdftex.def)             Requested size: 412.55592pt x 257.84744pt.

[25 <./DomainNameForm.png>] <UI.png, id=130, 1283.79625pt x 237.88875pt>
File: UI.png Graphic file (type png)

<use UI.png>
Package pdftex.def Info: UI.png used on input line 452.
(pdftex.def)             Requested size: 412.56662pt x 76.449pt.
 [26 <./DomainNameRules.png> <./UI.png>]
Overfull \hbox (1.60938pt too wide) in paragraph at lines 472--473
[]\OT1/ptm/m/n/12 Navigate to the Ta-bles:Database Cre-ation Scripts folder lo-
cated within the project
 []


Overfull \hbox (17.34285pt too wide) in paragraph at lines 474--475
[]\OT1/ptm/m/n/12 Execute the re-main-ing scripts in the fol-low-ing or-der, CR
E-ATE[]TABLE[]AGENT.sql,
 []


Overfull \hbox (14.29558pt too wide) in paragraph at lines 474--475
\OT1/ptm/m/n/12 CRE-ATE[]TABLE[]DOMAIN.sql, CRE-ATE[]TABLE[]DOMAIN[]AGENT.sql, 
CRE-
 []

[27] [28]
Chapter 4.
[29

] [30]
Underfull \hbox (badness 10000) in paragraph at lines 522--523

 []

<AgentNameOutput1.png, id=149, 996.72375pt x 246.9225pt>
File: AgentNameOutput1.png Graphic file (type png)

<use AgentNameOutput1.png>
Package pdftex.def Info: AgentNameOutput1.png used on input line 527.
(pdftex.def)             Requested size: 412.55283pt x 102.2034pt.
 [31 <./AgentNameOutput1.png>]
<AgentNameOutput2.png, id=154, 996.72375pt x 122.4575pt>
File: AgentNameOutput2.png Graphic file (type png)

<use AgentNameOutput2.png>
Package pdftex.def Info: AgentNameOutput2.png used on input line 543.
(pdftex.def)             Requested size: 412.55283pt x 50.68623pt.

<DomainNameOutput1.png, id=155, 997.7275pt x 88.33pt>
File: DomainNameOutput1.png Graphic file (type png)

<use DomainNameOutput1.png>
Package pdftex.def Info: DomainNameOutput1.png used on input line 564.
(pdftex.def)             Requested size: 412.55724pt x 36.52417pt.
 [32 <./AgentNameOutput2.png>]
Overfull \hbox (11.16426pt too wide) in paragraph at lines 571--574
[]\OT1/ptm/m/n/12 The stored pro-ce-dure is called with the do-main name ar-gu-
ments `GK,GKBD',
 []

<DomainNameOutput2.png, id=160, 992.70876pt x 170.6375pt>
File: DomainNameOutput2.png Graphic file (type png)

<use DomainNameOutput2.png>
Package pdftex.def Info: DomainNameOutput2.png used on input line 581.
(pdftex.def)             Requested size: 412.57236pt x 70.91737pt.
 [33 <./DomainNameOutput1.png> <./DomainNameOutput2.png>] <CorrectnessAgentName
1.png, id=166, 1135.24126pt x 523.9575pt>
File: CorrectnessAgentName1.png Graphic file (type png)

<use CorrectnessAgentName1.png>
Package pdftex.def Info: CorrectnessAgentName1.png used on input line 597.
(pdftex.def)             Requested size: 412.56674pt x 190.41542pt.

<CorrectnessAgentName2.png, id=167, 1121.18875pt x 575.14874pt>
File: CorrectnessAgentName2.png Graphic file (type png)

<use CorrectnessAgentName2.png>
Package pdftex.def Info: CorrectnessAgentName2.png used on input line 605.
(pdftex.def)             Requested size: 360.51563pt x 184.93773pt.
 [34 <./CorrectnessAgentName1.png>]
Overfull \hbox (1.81435pt too wide) in paragraph at lines 613--614
\OT1/ptm/m/n/12 In this test, the stored pro-ce-dure GetRules-From-Do-main-Name
-s-Pair is called from within
 []

<CorrectnessDomainName1.png, id=172, 1122.1925pt x 590.205pt>
File: CorrectnessDomainName1.png Graphic file (type png)

<use CorrectnessDomainName1.png>
Package pdftex.def Info: CorrectnessDomainName1.png used on input line 621.
(pdftex.def)             Requested size: 412.55063pt x 216.97653pt.
 [35 <./CorrectnessAgentName2.png>]
<CorrectnessDomainName2.png, id=177, 1250.6725pt x 664.4825pt>
File: CorrectnessDomainName2.png Graphic file (type png)

<use CorrectnessDomainName2.png>
Package pdftex.def Info: CorrectnessDomainName2.png used on input line 629.
(pdftex.def)             Requested size: 348.08672pt x 184.9385pt.
 <KasimOutput.png, id=178, 1284.8pt x 803.0pt>
File: KasimOutput.png Graphic file (type png)

<use KasimOutput.png>
Package pdftex.def Info: KasimOutput.png used on input line 640.
(pdftex.def)             Requested size: 386.95251pt x 241.84532pt.
 [36 <./CorrectnessDomainName1.png> <./CorrectnessDomainName2.png>] [37 <./Kasi
mOutput.png>]
Chapter 5.
[38

] (./skeleton.bbl [39]
Underfull \hbox (badness 10000) in paragraph at lines 16--17
[]$\OT1/pcr/m/n/12 https : / / dev . mysql . com / doc / refman / 8 . 0 / en / 
optimization-[]indexes .
 []


Underfull \hbox (badness 10000) in paragraph at lines 25--26
[]$\OT1/pcr/m/n/12 https : / / tools . kappalanguage . org / try / ?model = htt
ps : / / raw .
 []


Underfull \hbox (badness 10000) in paragraph at lines 25--26
\OT1/pcr/m/n/12 githubusercontent . com / Kappa-[]Dev / KaSim / master / models
 / abc-[]pert .
 []

Missing character: There is no Ã in font ptmr7t!
Missing character: There is no © in font ptmr7t!
Missing character: There is no Ã in font ptmr7t!
Missing character: There is no © in font ptmr7t!
Missing character: There is no Ã in font ptmr7t!
Missing character: There is no ´ in font ptmr7t!
Missing character: There is no â in font ptmr7t!
Missing character: There is no € in font ptmr7t!
Missing character: There is no “ in font ptmr7t!
[40

]
Missing character: There is no â in font ptmr7t!
Missing character: There is no € in font ptmr7t!
Missing character: There is no ™ in font ptmr7t!
Missing character: There is no â in font ptmr7t!
Missing character: There is no € in font ptmr7t!
Missing character: There is no “ in font ptmr7t!
Missing character: There is no â in font ptmr7t!
Missing character: There is no € in font ptmr7t!
Missing character: There is no “ in font ptmr7t!
 [41] [42]) [43]
Appendix A.

Underfull \hbox (badness 10000) in paragraph at lines 702--708

 []

[44

] [45] (./skeleton.aux) ) 
Here is how much of TeX's memory you used:
 4420 strings out of 493014
 68022 string characters out of 6133351
 134247 words of memory out of 5000000
 7853 multiletter control sequences out of 15000+600000
 41442 words of font info for 76 fonts, out of 8000000 for 9000
 1141 hyphenation exceptions out of 8191
 43i,6n,40p,1593b,362s stack positions out of 5000i,500n,10000p,200000b,80000s
{/usr/local/texlive/2016/texmf-dist/fonts/enc/dvips/ba
se/8r.enc}</usr/local/texlive/2016/texmf-dist/fonts/type1/public/amsfonts/cm/cm
mi10.pfb></usr/local/texlive/2016/texmf-dist/fonts/type1/public/amsfonts/cm/cms
y10.pfb></usr/local/texlive/2016/texmf-dist/fonts/type1/urw/courier/ucrr8a.pfb>
</usr/local/texlive/2016/texmf-dist/fonts/type1/urw/helvetic/uhvb8a.pfb></usr/l
ocal/texlive/2016/texmf-dist/fonts/type1/urw/helvetic/uhvr8a.pfb></usr/local/te
xlive/2016/texmf-dist/fonts/type1/urw/helvetic/uhvro8a.pfb></usr/local/texlive/
2016/texmf-dist/fonts/type1/urw/symbol/usyr.pfb></usr/local/texlive/2016/texmf-
dist/fonts/type1/urw/times/utmb8a.pfb></usr/local/texlive/2016/texmf-dist/fonts
/type1/urw/times/utmr8a.pfb></usr/local/texlive/2016/texmf-dist/fonts/type1/urw
/times/utmri8a.pfb></usr/local/texlive/2016/texmf-dist/fonts/type1/public/yfont
s-t1/yswab.pfb>
Output written on skeleton.pdf (52 pages, 2999657 bytes).
PDF statistics:
 255 PDF objects out of 1000 (max. 8388607)
 152 compressed objects within 2 object streams
 0 named destinations out of 1000 (max. 500000)
 91 words of extra memory for PDF output out of 10000 (max. 10000000)

